#
# There is insufficient memory for the Java Runtime Environment to continue.
# Native memory allocation (malloc) failed to allocate 2097152 bytes. Error detail: AllocateHeap
# Possible reasons:
#   The system is out of physical RAM or swap space
#   This process is running with CompressedOops enabled, and the Java Heap may be blocking the growth of the native heap
# Possible solutions:
#   Reduce memory load on the system
#   Increase physical memory or swap space
#   Check if swap backing store is full
#   Decrease Java heap size (-Xmx/-Xms)
#   Decrease number of Java threads
#   Decrease Java thread stack sizes (-Xss)
#   Set larger code cache with -XX:ReservedCodeCacheSize=
#   JVM is running with Unscaled Compressed Oops mode in which the Java heap is
#     placed in the first 4GB address space. The Java Heap base address is the
#     maximum limit for the native heap growth. Please use -XX:HeapBaseMinAddress
#     to set the Java Heap base and to place the Java Heap above 4GB virtual address.
# This output file may be truncated or incomplete.
#
#  Out of Memory Error (allocation.cpp:44), pid=17004, tid=28772
#
# JRE version: OpenJDK Runtime Environment (23.0.2+7) (build 23.0.2+7-58)
# Java VM: OpenJDK 64-Bit Server VM (23.0.2+7-58, mixed mode, emulated-client, sharing, tiered, compressed oops, compressed class ptrs, g1 gc, windows-amd64)
# No core dump will be written. Minidumps are not enabled by default on client versions of Windows
#

---------------  S U M M A R Y ------------

Command Line: -XX:TieredStopAtLevel=1 -Dspring.output.ansi.enabled=always -Dcom.sun.management.jmxremote -Dspring.jmx.enabled=true -Dspring.liveBeansView.mbeanDomain -Dspring.application.admin.enabled=true -Dmanagement.endpoints.jmx.exposure.include=* -javaagent:C:\Program Files\JetBrains\IntelliJ IDEA 2024.3.3\lib\idea_rt.jar=61510:C:\Program Files\JetBrains\IntelliJ IDEA 2024.3.3\bin -Dfile.encoding=UTF-8 -Dsun.stdout.encoding=UTF-8 -Dsun.stderr.encoding=UTF-8 com.scaler.productservice.ProductServiceApplication

Host: 12th Gen Intel(R) Core(TM) i5-12500H, 16 cores, 7G,  Windows 11 , 64 bit Build 26100 (10.0.26100.6725)
Time: Sun Nov 16 16:36:01 2025 India Standard Time elapsed time: 10039.042274 seconds (0d 2h 47m 19s)

---------------  T H R E A D  ---------------

Current thread (0x000001ae8fe6f520):  VMThread "VM Thread"          [id=28772, stack(0x0000004179500000,0x0000004179600000) (1024K)]

Stack: [0x0000004179500000,0x0000004179600000]
Native frames: (J=compiled Java code, j=interpreted, Vv=VM code, C=native code)
V  [jvm.dll+0x6e0b99]  (no source info available)
V  [jvm.dll+0x87e2b3]  (no source info available)
V  [jvm.dll+0x88073e]  (no source info available)
V  [jvm.dll+0x880e13]  (no source info available)
V  [jvm.dll+0x27b006]  (no source info available)
V  [jvm.dll+0xb6a17]  (no source info available)
V  [jvm.dll+0x345642]  (no source info available)
V  [jvm.dll+0x340339]  (no source info available)
V  [jvm.dll+0x328602]  (no source info available)
V  [jvm.dll+0x372cf4]  (no source info available)
V  [jvm.dll+0x886d50]  (no source info available)
V  [jvm.dll+0x888077]  (no source info available)
V  [jvm.dll+0x8885a8]  (no source info available)
V  [jvm.dll+0x888843]  (no source info available)
V  [jvm.dll+0x8254cb]  (no source info available)
V  [jvm.dll+0x6df345]  (no source info available)
C  [ucrtbase.dll+0x37b0]  (no source info available)
C  [KERNEL32.DLL+0x2e8d7]  (no source info available)
C  [ntdll.dll+0x8c53c]  (no source info available)

VM_Operation (0x0000004178bfefe0): G1CollectFull, mode: safepoint, requested by thread 0x000001aed6632fd0


---------------  P R O C E S S  ---------------

Threads class SMR info:
_java_thread_list=0x000001aed6b064c0, length=19, elements={
0x000001ae8fe85ea0, 0x000001ae8fe86ab0, 0x000001ae8fe896a0, 0x000001ae8fe8b110,
0x000001ae8fe8fd40, 0x000001ae8fe93170, 0x000001ae8fe9e850, 0x000001ae905ee880,
0x000001aed618e0f0, 0x000001aed6190770, 0x000001aed63d20c0, 0x000001aed64d3910,
0x000001aed6cc2560, 0x000001aed6630f00, 0x000001aed6637800, 0x000001aed6631590,
0x000001aed78b2450, 0x000001aed78b2b20, 0x000001aed6632fd0
}

Java Threads: ( => current thread )
  0x000001ae8fe85ea0 JavaThread "Reference Handler"          daemon [_thread_blocked, id=27844, stack(0x0000004179600000,0x0000004179700000) (1024K)]
  0x000001ae8fe86ab0 JavaThread "Finalizer"                  daemon [_thread_blocked, id=21476, stack(0x0000004179700000,0x0000004179800000) (1024K)]
  0x000001ae8fe896a0 JavaThread "Signal Dispatcher"          daemon [_thread_blocked, id=24196, stack(0x0000004179800000,0x0000004179900000) (1024K)]
  0x000001ae8fe8b110 JavaThread "Attach Listener"            daemon [_thread_blocked, id=25128, stack(0x0000004179900000,0x0000004179a00000) (1024K)]
  0x000001ae8fe8fd40 JavaThread "Service Thread"             daemon [_thread_blocked, id=1900, stack(0x0000004179a00000,0x0000004179b00000) (1024K)]
  0x000001ae8fe93170 JavaThread "Monitor Deflation Thread"   daemon [_thread_blocked, id=764, stack(0x0000004179b00000,0x0000004179c00000) (1024K)]
  0x000001ae8fe9e850 JavaThread "C1 CompilerThread0"         daemon [_thread_blocked, id=27060, stack(0x0000004179c00000,0x0000004179d00000) (1024K)]
  0x000001ae905ee880 JavaThread "Common-Cleaner"             daemon [_thread_blocked, id=14092, stack(0x0000004179d00000,0x0000004179e00000) (1024K)]
  0x000001aed618e0f0 JavaThread "Monitor Ctrl-Break"         daemon [_thread_in_native, id=33064, stack(0x000000417a200000,0x000000417a300000) (1024K)]
  0x000001aed6190770 JavaThread "Notification Thread"        daemon [_thread_blocked, id=18136, stack(0x000000417a300000,0x000000417a400000) (1024K)]
  0x000001aed63d20c0 JavaThread "RMI TCP Accept-0"           daemon [_thread_in_native, id=12648, stack(0x000000417a400000,0x000000417a500000) (1024K)]
  0x000001aed64d3910 JavaThread "RMI Scheduler(0)"           daemon [_thread_blocked, id=4992, stack(0x000000417a600000,0x000000417a700000) (1024K)]
  0x000001aed6cc2560 JavaThread "mysql-cj-abandoned-connection-cleanup" daemon [_thread_blocked, id=14532, stack(0x000000417bc00000,0x000000417bd00000) (1024K)]
  0x000001aed6630f00 JavaThread "Live Reload Server"         daemon [_thread_in_native, id=9836, stack(0x000000417c200000,0x000000417c300000) (1024K)]
  0x000001aed6637800 JavaThread "DestroyJavaVM"                     [_thread_blocked, id=33304, stack(0x0000004178e00000,0x0000004178f00000) (1024K)]
  0x000001aed6631590 JavaThread "File Watcher"               daemon [_thread_blocked, id=14344, stack(0x0000004179e00000,0x0000004179f00000) (1024K)]
  0x000001aed78b2450 JavaThread "C1 CompilerThread1"         daemon [_thread_blocked, id=32008, stack(0x0000004179f00000,0x000000417a000000) (1024K)]
  0x000001aed78b2b20 JavaThread "C1 CompilerThread2"         daemon [_thread_blocked, id=20524, stack(0x000000417a000000,0x000000417a100000) (1024K)]
  0x000001aed6632fd0 JavaThread "Thread-26"                         [_thread_blocked, id=23512, stack(0x0000004178b00000,0x0000004178c00000) (1024K)]
Total: 19

Other Threads:
=>0x000001ae8fe6f520 VMThread "VM Thread"                           [id=28772, stack(0x0000004179500000,0x0000004179600000) (1024K)]
  0x000001ae8fe5d730 WatcherThread "VM Periodic Task Thread"        [id=24724, stack(0x0000004179400000,0x0000004179500000) (1024K)]
  0x000001aefefa7960 WorkerThread "GC Thread#0"                     [id=31132, stack(0x0000004178f00000,0x0000004179000000) (1024K)]
  0x000001aed68027b0 WorkerThread "GC Thread#1"                     [id=25200, stack(0x000000417a800000,0x000000417a900000) (1024K)]
  0x000001aed6888490 WorkerThread "GC Thread#2"                     [id=29100, stack(0x000000417a900000,0x000000417aa00000) (1024K)]
  0x000001aed6888840 WorkerThread "GC Thread#3"                     [id=14692, stack(0x000000417aa00000,0x000000417ab00000) (1024K)]
  0x000001aed68911e0 WorkerThread "GC Thread#4"                     [id=14660, stack(0x000000417ab00000,0x000000417ac00000) (1024K)]
  0x000001aed6892270 WorkerThread "GC Thread#5"                     [id=33224, stack(0x000000417ac00000,0x000000417ad00000) (1024K)]
  0x000001aed6893180 WorkerThread "GC Thread#6"                     [id=17644, stack(0x000000417ad00000,0x000000417ae00000) (1024K)]
  0x000001aed6892670 WorkerThread "GC Thread#7"                     [id=1788, stack(0x000000417ae00000,0x000000417af00000) (1024K)]
  0x000001aed6892a20 WorkerThread "GC Thread#8"                     [id=21660, stack(0x000000417af00000,0x000000417b000000) (1024K)]
  0x000001aed6893530 WorkerThread "GC Thread#9"                     [id=16172, stack(0x000000417b000000,0x000000417b100000) (1024K)]
  0x000001aed68938e0 WorkerThread "GC Thread#10"                    [id=27892, stack(0x000000417b100000,0x000000417b200000) (1024K)]
  0x000001aed6a35f70 WorkerThread "GC Thread#11"                    [id=1120, stack(0x000000417b500000,0x000000417b600000) (1024K)]
  0x000001aed6a36320 WorkerThread "GC Thread#12"                    [id=21932, stack(0x000000417b600000,0x000000417b700000) (1024K)]
  0x000001aefcc7e8c0 ConcurrentGCThread "G1 Main Marker"            [id=27156, stack(0x0000004179000000,0x0000004179100000) (1024K)]
  0x000001aefefd1830 WorkerThread "G1 Conc#0"                       [id=24600, stack(0x0000004179100000,0x0000004179200000) (1024K)]
  0x000001aed6a380a0 WorkerThread "G1 Conc#1"                       [id=19056, stack(0x000000417b800000,0x000000417b900000) (1024K)]
  0x000001aed6a371e0 WorkerThread "G1 Conc#2"                       [id=11896, stack(0x000000417b900000,0x000000417ba00000) (1024K)]
  0x000001ae8fd2e030 ConcurrentGCThread "G1 Refine#0"               [id=11328, stack(0x0000004179200000,0x0000004179300000) (1024K)]
  0x000001ae8fd2edd0 ConcurrentGCThread "G1 Service"                [id=14000, stack(0x0000004179300000,0x0000004179400000) (1024K)]
Total: 21

Threads with active compile tasks:
Total: 0

VM state: at safepoint (normal execution)

VM Mutex/Monitor currently owned by a thread:  ([mutex/lock_event])
[0x00007ffcc4fd4888] Threads_lock - owner thread: 0x000001ae8fe6f520
[0x00007ffcc4fd4988] Heap_lock - owner thread: 0x000001aed6632fd0

Heap address: 0x0000000085200000, size: 1966 MB, Compressed Oops mode: 32-bit

CDS archive(s) mapped at: [0x000001ae91000000-0x000001ae91d70000-0x000001ae91d70000), size 14090240, SharedBaseAddress: 0x000001ae91000000, ArchiveRelocationMode: 1.
Compressed class space mapped at: 0x000001ae92000000-0x000001aed2000000, reserved size: 1073741824
Narrow klass base: 0x000001ae91000000, Narrow klass shift: 0, Narrow klass range: 0x41000000

GC Precious Log:
 CardTable entry size: 512
 Card Set container configuration: InlinePtr #cards 5 size 8 Array Of Cards #cards 10 size 36 Howl #buckets 4 coarsen threshold 1843 Howl Bitmap #cards 512 size 80 coarsen threshold 460 Card regions per heap region 1 cards per card region 2048
 CPUs: 16 total, 16 available
 Memory: 7859M
 Large Page Support: Disabled
 NUMA Support: Disabled
 Compressed Oops: Enabled (32-bit)
 Heap Region Size: 1M
 Heap Min Capacity: 8M
 Heap Initial Capacity: 124M
 Heap Max Capacity: 1966M
 Pre-touch: Disabled
 Parallel Workers: 13
 Concurrent Workers: 3
 Concurrent Refinement Workers: 13
 Periodic GC: Disabled

Heap:
 garbage-first heap   total reserved 2013184K, committed 75776K, used 46456K [0x0000000085200000, 0x0000000100000000)
  region size 1024K, 13 young (13312K), 4 survivors (4096K)
 Metaspace       used 78348K, committed 79232K, reserved 1179648K
  class space    used 11369K, committed 11776K, reserved 1048576K

Heap Regions: E=young(eden), S=young(survivor), O=old, HS=humongous(starts), HC=humongous(continues), CS=collection set, F=free, TAMS=top-at-mark-start, PB=parsable bottom
|   0|0x0000000085200000, 0x0000000085300000, 0x0000000085300000|100%|HS|  |TAMS 0x0000000085200000| PB 0x0000000085200000| Complete |  0
|   1|0x0000000085300000, 0x0000000085400000, 0x0000000085400000|100%| O|  |TAMS 0x0000000085300000| PB 0x0000000085300000| Untracked |  0
|   2|0x0000000085400000, 0x0000000085500000, 0x0000000085500000|100%| O|  |TAMS 0x0000000085400000| PB 0x0000000085400000| Untracked |  0
|   3|0x0000000085500000, 0x0000000085600000, 0x0000000085600000|100%| O|  |TAMS 0x0000000085500000| PB 0x0000000085500000| Untracked |  0
|   4|0x0000000085600000, 0x00000000856ffff8, 0x0000000085700000| 99%| O|  |TAMS 0x0000000085600000| PB 0x0000000085600000| Untracked |  0
|   5|0x0000000085700000, 0x0000000085800000, 0x0000000085800000|100%| O|  |TAMS 0x0000000085700000| PB 0x0000000085700000| Untracked |  0
|   6|0x0000000085800000, 0x00000000858ffff0, 0x0000000085900000| 99%| O|  |TAMS 0x0000000085800000| PB 0x0000000085800000| Untracked |  0
|   7|0x0000000085900000, 0x00000000859fffd0, 0x0000000085a00000| 99%| O|  |TAMS 0x0000000085900000| PB 0x0000000085900000| Untracked |  0
|   8|0x0000000085a00000, 0x0000000085afffe8, 0x0000000085b00000| 99%| O|  |TAMS 0x0000000085a00000| PB 0x0000000085a00000| Untracked |  0
|   9|0x0000000085b00000, 0x0000000085bffff8, 0x0000000085c00000| 99%| O|  |TAMS 0x0000000085b00000| PB 0x0000000085b00000| Untracked |  0
|  10|0x0000000085c00000, 0x0000000085cffb40, 0x0000000085d00000| 99%| O|  |TAMS 0x0000000085c00000| PB 0x0000000085c00000| Untracked |  0
|  11|0x0000000085d00000, 0x0000000085dfffc0, 0x0000000085e00000| 99%| O|  |TAMS 0x0000000085d00000| PB 0x0000000085d00000| Untracked |  0
|  12|0x0000000085e00000, 0x0000000085efffe8, 0x0000000085f00000| 99%| O|  |TAMS 0x0000000085e00000| PB 0x0000000085e00000| Untracked |  0
|  13|0x0000000085f00000, 0x0000000085ffffb0, 0x0000000086000000| 99%| O|  |TAMS 0x0000000085f00000| PB 0x0000000085f00000| Untracked |  0
|  14|0x0000000086000000, 0x00000000860ffff8, 0x0000000086100000| 99%| O|  |TAMS 0x0000000086000000| PB 0x0000000086000000| Untracked |  0
|  15|0x0000000086100000, 0x00000000861fffa0, 0x0000000086200000| 99%| O|  |TAMS 0x0000000086100000| PB 0x0000000086100000| Untracked |  0
|  16|0x0000000086200000, 0x0000000086300000, 0x0000000086300000|100%| O|  |TAMS 0x0000000086200000| PB 0x0000000086200000| Untracked |  0
|  17|0x0000000086300000, 0x00000000863fffe8, 0x0000000086400000| 99%| O|  |TAMS 0x0000000086300000| PB 0x0000000086300000| Untracked |  0
|  18|0x0000000086400000, 0x00000000864ffff8, 0x0000000086500000| 99%| O|  |TAMS 0x0000000086400000| PB 0x0000000086400000| Untracked |  0
|  19|0x0000000086500000, 0x00000000865cdd60, 0x0000000086600000| 80%| O|  |TAMS 0x0000000086500000| PB 0x0000000086500000| Untracked |  0
|  20|0x0000000086600000, 0x00000000866fffd0, 0x0000000086700000| 99%| O|  |TAMS 0x0000000086600000| PB 0x0000000086600000| Untracked |  0
|  21|0x0000000086700000, 0x00000000867ffff8, 0x0000000086800000| 99%| O|  |TAMS 0x0000000086700000| PB 0x0000000086700000| Untracked |  0
|  22|0x0000000086800000, 0x00000000868fffe8, 0x0000000086900000| 99%| O|  |TAMS 0x0000000086800000| PB 0x0000000086800000| Untracked |  0
|  23|0x0000000086900000, 0x0000000086942300, 0x0000000086a00000| 25%| O|  |TAMS 0x0000000086900000| PB 0x0000000086900000| Untracked |  0
|  24|0x0000000086a00000, 0x0000000086affff8, 0x0000000086b00000| 99%| O|  |TAMS 0x0000000086a00000| PB 0x0000000086a00000| Untracked |  0
|  25|0x0000000086b00000, 0x0000000086bffff0, 0x0000000086c00000| 99%| O|  |TAMS 0x0000000086b00000| PB 0x0000000086b00000| Untracked |  0
|  26|0x0000000086c00000, 0x0000000086cc9eb8, 0x0000000086d00000| 78%| O|  |TAMS 0x0000000086c00000| PB 0x0000000086c00000| Untracked |  0
|  27|0x0000000086d00000, 0x0000000086e00000, 0x0000000086e00000|100%| O|  |TAMS 0x0000000086d00000| PB 0x0000000086d00000| Untracked |  0
|  28|0x0000000086e00000, 0x0000000086f00000, 0x0000000086f00000|100%| O|  |TAMS 0x0000000086e00000| PB 0x0000000086e00000| Untracked |  0
|  29|0x0000000086f00000, 0x0000000086f00000, 0x0000000087000000|  0%| F|  |TAMS 0x0000000086f00000| PB 0x0000000086f00000| Untracked |  0
|  30|0x0000000087000000, 0x0000000087082298, 0x0000000087100000| 50%| O|  |TAMS 0x0000000087000000| PB 0x0000000087000000| Untracked |  0
|  31|0x0000000087100000, 0x0000000087175c80, 0x0000000087200000| 46%| O|  |TAMS 0x0000000087100000| PB 0x0000000087100000| Untracked |  0
|  32|0x0000000087200000, 0x0000000087200000, 0x0000000087300000|  0%| F|  |TAMS 0x0000000087200000| PB 0x0000000087200000| Untracked |  0
|  33|0x0000000087300000, 0x0000000087300000, 0x0000000087400000|  0%| F|  |TAMS 0x0000000087300000| PB 0x0000000087300000| Untracked |  0
|  34|0x0000000087400000, 0x0000000087500000, 0x0000000087500000|100%| O|  |TAMS 0x0000000087400000| PB 0x0000000087400000| Untracked |  0
|  35|0x0000000087500000, 0x0000000087600000, 0x0000000087600000|100%| O|  |TAMS 0x0000000087500000| PB 0x0000000087500000| Untracked |  0
|  36|0x0000000087600000, 0x0000000087700000, 0x0000000087700000|100%| O|  |TAMS 0x0000000087600000| PB 0x0000000087600000| Untracked |  0
|  37|0x0000000087700000, 0x0000000087800000, 0x0000000087800000|100%| O|  |TAMS 0x0000000087700000| PB 0x0000000087700000| Untracked |  0
|  38|0x0000000087800000, 0x0000000087900000, 0x0000000087900000|100%| O|  |TAMS 0x0000000087800000| PB 0x0000000087800000| Untracked |  0
|  39|0x0000000087900000, 0x000000008798cc88, 0x0000000087a00000| 54%| S|CS|TAMS 0x0000000087900000| PB 0x0000000087900000| Complete |  0
|  40|0x0000000087a00000, 0x0000000087a00000, 0x0000000087b00000|  0%| F|  |TAMS 0x0000000087a00000| PB 0x0000000087a00000| Untracked |  0
|  41|0x0000000087b00000, 0x0000000087b00000, 0x0000000087c00000|  0%| F|  |TAMS 0x0000000087b00000| PB 0x0000000087b00000| Untracked |  0
|  42|0x0000000087c00000, 0x0000000087c00000, 0x0000000087d00000|  0%| F|  |TAMS 0x0000000087c00000| PB 0x0000000087c00000| Untracked |  0
|  43|0x0000000087d00000, 0x0000000087d00000, 0x0000000087e00000|  0%| F|  |TAMS 0x0000000087d00000| PB 0x0000000087d00000| Untracked |  0
|  44|0x0000000087e00000, 0x0000000087f00000, 0x0000000087f00000|100%| S|CS|TAMS 0x0000000087e00000| PB 0x0000000087e00000| Complete |  0
|  45|0x0000000087f00000, 0x0000000088000000, 0x0000000088000000|100%| S|CS|TAMS 0x0000000087f00000| PB 0x0000000087f00000| Complete |  0
|  46|0x0000000088000000, 0x0000000088100000, 0x0000000088100000|100%| S|CS|TAMS 0x0000000088000000| PB 0x0000000088000000| Complete |  0
|  47|0x0000000088100000, 0x0000000088100000, 0x0000000088200000|  0%| F|  |TAMS 0x0000000088100000| PB 0x0000000088100000| Untracked |  0
|  48|0x0000000088200000, 0x0000000088200000, 0x0000000088300000|  0%| F|  |TAMS 0x0000000088200000| PB 0x0000000088200000| Untracked |  0
|  49|0x0000000088300000, 0x0000000088300000, 0x0000000088400000|  0%| F|  |TAMS 0x0000000088300000| PB 0x0000000088300000| Untracked |  0
|  50|0x0000000088400000, 0x0000000088400000, 0x0000000088500000|  0%| F|  |TAMS 0x0000000088400000| PB 0x0000000088400000| Untracked |  0
|  51|0x0000000088500000, 0x0000000088500000, 0x0000000088600000|  0%| F|  |TAMS 0x0000000088500000| PB 0x0000000088500000| Untracked |  0
|  52|0x0000000088600000, 0x0000000088600000, 0x0000000088700000|  0%| F|  |TAMS 0x0000000088600000| PB 0x0000000088600000| Untracked |  0
|  53|0x0000000088700000, 0x0000000088700000, 0x0000000088800000|  0%| F|  |TAMS 0x0000000088700000| PB 0x0000000088700000| Untracked |  0
|  54|0x0000000088800000, 0x0000000088800000, 0x0000000088900000|  0%| F|  |TAMS 0x0000000088800000| PB 0x0000000088800000| Untracked |  0
|  55|0x0000000088900000, 0x0000000088900000, 0x0000000088a00000|  0%| F|  |TAMS 0x0000000088900000| PB 0x0000000088900000| Untracked |  0
|  56|0x0000000088a00000, 0x0000000088a00000, 0x0000000088b00000|  0%| F|  |TAMS 0x0000000088a00000| PB 0x0000000088a00000| Untracked |  0
|  57|0x0000000088b00000, 0x0000000088b00000, 0x0000000088c00000|  0%| F|  |TAMS 0x0000000088b00000| PB 0x0000000088b00000| Untracked |  0
|  58|0x0000000088c00000, 0x0000000088c00000, 0x0000000088d00000|  0%| F|  |TAMS 0x0000000088c00000| PB 0x0000000088c00000| Untracked |  0
|  59|0x0000000088d00000, 0x0000000088d00000, 0x0000000088e00000|  0%| F|  |TAMS 0x0000000088d00000| PB 0x0000000088d00000| Untracked |  0
|  60|0x0000000088e00000, 0x0000000088e00000, 0x0000000088f00000|  0%| F|  |TAMS 0x0000000088e00000| PB 0x0000000088e00000| Untracked |  0
|  61|0x0000000088f00000, 0x0000000088f00000, 0x0000000089000000|  0%| F|  |TAMS 0x0000000088f00000| PB 0x0000000088f00000| Untracked |  0
|  62|0x0000000089000000, 0x0000000089000000, 0x0000000089100000|  0%| F|  |TAMS 0x0000000089000000| PB 0x0000000089000000| Untracked |  0
|  63|0x0000000089100000, 0x0000000089100000, 0x0000000089200000|  0%| F|  |TAMS 0x0000000089100000| PB 0x0000000089100000| Untracked |  0
|  64|0x0000000089200000, 0x0000000089200000, 0x0000000089300000|  0%| F|  |TAMS 0x0000000089200000| PB 0x0000000089200000| Untracked |  0
|  65|0x0000000089300000, 0x0000000089377f50, 0x0000000089400000| 46%| E|  |TAMS 0x0000000089300000| PB 0x0000000089300000| Complete |  0
|  67|0x0000000089500000, 0x0000000089600000, 0x0000000089600000|100%| E|CS|TAMS 0x0000000089500000| PB 0x0000000089500000| Complete |  0
|  68|0x0000000089600000, 0x0000000089700000, 0x0000000089700000|100%| E|CS|TAMS 0x0000000089600000| PB 0x0000000089600000| Complete |  0
|  69|0x0000000089700000, 0x0000000089800000, 0x0000000089800000|100%| E|CS|TAMS 0x0000000089700000| PB 0x0000000089700000| Complete |  0
|  70|0x0000000089800000, 0x0000000089900000, 0x0000000089900000|100%| E|CS|TAMS 0x0000000089800000| PB 0x0000000089800000| Complete |  0
|  71|0x0000000089900000, 0x0000000089a00000, 0x0000000089a00000|100%| E|CS|TAMS 0x0000000089900000| PB 0x0000000089900000| Complete |  0
|  72|0x0000000089a00000, 0x0000000089b00000, 0x0000000089b00000|100%| E|CS|TAMS 0x0000000089a00000| PB 0x0000000089a00000| Complete |  0
| 123|0x000000008cd00000, 0x000000008ce00000, 0x000000008ce00000|100%| E|CS|TAMS 0x000000008cd00000| PB 0x000000008cd00000| Complete |  0
|1965|0x00000000fff00000, 0x0000000100000000, 0x0000000100000000|100%| E|CS|TAMS 0x00000000fff00000| PB 0x00000000fff00000| Complete |  0

Card table byte_map: [0x000001aeffb60000,0x000001aefff40000] _byte_map_base: 0x000001aeff737000

Marking Bits: (CMBitMap*) 0x000001aefefa7f80
 Bits: [0x000001ae8b670000, 0x000001ae8d528000)

Polling page: 0x000001aefcd10000

Metaspace:

Usage:
  Non-class:     65.41 MB used.
      Class:     11.10 MB used.
       Both:     76.51 MB used.

Virtual space:
  Non-class space:      128.00 MB reserved,      65.88 MB ( 51%) committed,  2 nodes.
      Class space:        1.00 GB reserved,      11.50 MB (  1%) committed,  1 nodes.
             Both:        1.12 GB reserved,      77.38 MB (  7%) committed. 

Chunk freelists:
   Non-Class:  13.32 MB
       Class:  4.36 MB
        Both:  17.68 MB

MaxMetaspaceSize: unlimited
CompressedClassSpaceSize: 1.00 GB
Initial GC threshold: 21.00 MB
Current GC threshold: 128.44 MB
CDS: on
 - commit_granule_bytes: 65536.
 - commit_granule_words: 8192.
 - virtual_space_node_default_size: 8388608.
 - enlarge_chunks_in_place: 1.
 - use_allocation_guard: 0.


Internal statistics:

num_allocs_failed_limit: 9.
num_arena_births: 2886.
num_arena_deaths: 1672.
num_vsnodes_births: 3.
num_vsnodes_deaths: 0.
num_space_committed: 1238.
num_space_uncommitted: 0.
num_chunks_returned_to_freelist: 1940.
num_chunks_taken_from_freelist: 6340.
num_chunk_merges: 387.
num_chunk_splits: 3653.
num_chunks_enlarged: 2535.
num_inconsistent_stats: 0.

CodeCache: size=49152Kb used=12106Kb max_used=14893Kb free=37045Kb
 bounds [0x000001ae88670000, 0x000001ae89610000, 0x000001ae8b670000]
 total_blobs=7940, nmethods=7157, adapters=704, full_count=0
Compilation: enabled, stopped_count=0, restarted_count=0

Compilation events (20 events):
Event: 10038.021 Thread 0x000001ae8fe9e850 nmethod 29941 0x000001ae88baf908 code [0x000001ae88bafa20, 0x000001ae88bafae8]
Event: 10038.021 Thread 0x000001aed78b2450 nmethod 29948 0x000001ae88baf608 code [0x000001ae88baf720, 0x000001ae88baf818]
Event: 10038.022 Thread 0x000001ae8fe9e850 29949       1       java.net.Socket::isOutputShutdown (14 bytes)
Event: 10038.022 Thread 0x000001ae8fe9e850 nmethod 29949 0x000001ae88baf308 code [0x000001ae88baf420, 0x000001ae88baf4e0]
Event: 10038.023 Thread 0x000001ae8fe9e850 29950       1       com.mysql.cj.conf.IntegerPropertyDefinition::isRangeBased (17 bytes)
Event: 10038.023 Thread 0x000001ae8fe9e850 nmethod 29950 0x000001ae88baf008 code [0x000001ae88baf120, 0x000001ae88baf200]
Event: 10038.024 Thread 0x000001aed78b2450 29951       1       java.util.concurrent.locks.ReentrantLock::tryLock (8 bytes)
Event: 10038.024 Thread 0x000001aed78b2b20 29952       1       java.util.concurrent.locks.ReentrantLock$Sync::tryLock (63 bytes)
Event: 10038.024 Thread 0x000001aed78b2450 nmethod 29951 0x000001ae88baed08 code [0x000001ae88baee20, 0x000001ae88baef10]
Event: 10038.025 Thread 0x000001ae8fe9e850 29953       1       ch.qos.logback.classic.spi.LoggingEvent::getLevel (5 bytes)
Event: 10038.025 Thread 0x000001ae8fe9e850 nmethod 29953 0x000001ae88baea08 code [0x000001ae88baeb20, 0x000001ae88baebe8]
Event: 10038.025 Thread 0x000001aed78b2b20 nmethod 29952 0x000001ae88938508 code [0x000001ae88938640, 0x000001ae889388b8]
Event: 10038.025 Thread 0x000001ae8fe9e850 29954  s    1       org.apache.tomcat.util.modeler.Registry::getRegistry (48 bytes)
Event: 10038.025 Thread 0x000001ae8fe9e850 nmethod 29954 0x000001ae88937f08 code [0x000001ae88938040, 0x000001ae889384a0]
Event: 10038.027 Thread 0x000001aed78b2450 29957       1       java.util.Arrays::fill (21 bytes)
Event: 10038.027 Thread 0x000001ae8fe9e850 29955       1       java.lang.Thread::isTerminated (16 bytes)
Event: 10038.027 Thread 0x000001aed78b2b20 29956       1       java.lang.Thread::getThreadGroup (30 bytes)
Event: 10038.027 Thread 0x000001aed78b2450 nmethod 29957 0x000001ae88bae708 code [0x000001ae88bae820, 0x000001ae88bae9b0]
Event: 10038.027 Thread 0x000001ae8fe9e850 nmethod 29955 0x000001ae88937c08 code [0x000001ae88937d20, 0x000001ae88937e28]
Event: 10038.027 Thread 0x000001aed78b2b20 nmethod 29956 0x000001ae88937808 code [0x000001ae88937940, 0x000001ae88937ba0]

GC Heap History (20 events):
Event: 9791.407 GC heap after
{Heap after GC invocations=228 (full 4):
 garbage-first heap   total reserved 2013184K, committed 75776K, used 38287K [0x0000000085200000, 0x0000000100000000)
  region size 1024K, 1 young (1024K), 1 survivors (1024K)
 Metaspace       used 77792K, committed 78912K, reserved 1179648K
  class space    used 11266K, committed 11712K, reserved 1048576K
}
Event: 9830.169 GC heap before
{Heap before GC invocations=228 (full 4):
 garbage-first heap   total reserved 2013184K, committed 75776K, used 67983K [0x0000000085200000, 0x0000000100000000)
  region size 1024K, 30 young (30720K), 1 survivors (1024K)
 Metaspace       used 77792K, committed 78912K, reserved 1179648K
  class space    used 11266K, committed 11712K, reserved 1048576K
}
Event: 9830.180 GC heap after
{Heap after GC invocations=229 (full 4):
 garbage-first heap   total reserved 2013184K, committed 75776K, used 34845K [0x0000000085200000, 0x0000000100000000)
  region size 1024K, 1 young (1024K), 1 survivors (1024K)
 Metaspace       used 77792K, committed 78912K, reserved 1179648K
  class space    used 11266K, committed 11712K, reserved 1048576K
}
Event: 9873.842 GC heap before
{Heap before GC invocations=229 (full 4):
 garbage-first heap   total reserved 2013184K, committed 75776K, used 68637K [0x0000000085200000, 0x0000000100000000)
  region size 1024K, 34 young (34816K), 1 survivors (1024K)
 Metaspace       used 77792K, committed 78912K, reserved 1179648K
  class space    used 11266K, committed 11712K, reserved 1048576K
}
Event: 9873.845 GC heap after
{Heap after GC invocations=230 (full 4):
 garbage-first heap   total reserved 2013184K, committed 75776K, used 34931K [0x0000000085200000, 0x0000000100000000)
  region size 1024K, 1 young (1024K), 1 survivors (1024K)
 Metaspace       used 77792K, committed 78912K, reserved 1179648K
  class space    used 11266K, committed 11712K, reserved 1048576K
}
Event: 9918.199 GC heap before
{Heap before GC invocations=231 (full 4):
 garbage-first heap   total reserved 2013184K, committed 75776K, used 68723K [0x0000000085200000, 0x0000000100000000)
  region size 1024K, 34 young (34816K), 1 survivors (1024K)
 Metaspace       used 77792K, committed 78912K, reserved 1179648K
  class space    used 11266K, committed 11712K, reserved 1048576K
}
Event: 9918.202 GC heap after
{Heap after GC invocations=232 (full 4):
 garbage-first heap   total reserved 2013184K, committed 75776K, used 34779K [0x0000000085200000, 0x0000000100000000)
  region size 1024K, 1 young (1024K), 1 survivors (1024K)
 Metaspace       used 77792K, committed 78912K, reserved 1179648K
  class space    used 11266K, committed 11712K, reserved 1048576K
}
Event: 9961.894 GC heap before
{Heap before GC invocations=232 (full 4):
 garbage-first heap   total reserved 2013184K, committed 75776K, used 68571K [0x0000000085200000, 0x0000000100000000)
  region size 1024K, 34 young (34816K), 1 survivors (1024K)
 Metaspace       used 77792K, committed 78912K, reserved 1179648K
  class space    used 11266K, committed 11712K, reserved 1048576K
}
Event: 9961.898 GC heap after
{Heap after GC invocations=233 (full 4):
 garbage-first heap   total reserved 2013184K, committed 75776K, used 34206K [0x0000000085200000, 0x0000000100000000)
  region size 1024K, 1 young (1024K), 1 survivors (1024K)
 Metaspace       used 77792K, committed 78912K, reserved 1179648K
  class space    used 11266K, committed 11712K, reserved 1048576K
}
Event: 10007.401 GC heap before
{Heap before GC invocations=233 (full 4):
 garbage-first heap   total reserved 2013184K, committed 75776K, used 69022K [0x0000000085200000, 0x0000000100000000)
  region size 1024K, 35 young (35840K), 1 survivors (1024K)
 Metaspace       used 77792K, committed 78912K, reserved 1179648K
  class space    used 11266K, committed 11712K, reserved 1048576K
}
Event: 10007.404 GC heap after
{Heap after GC invocations=234 (full 4):
 garbage-first heap   total reserved 2013184K, committed 75776K, used 34115K [0x0000000085200000, 0x0000000100000000)
  region size 1024K, 1 young (1024K), 1 survivors (1024K)
 Metaspace       used 77792K, committed 78912K, reserved 1179648K
  class space    used 11266K, committed 11712K, reserved 1048576K
}
Event: 10021.903 GC heap before
{Heap before GC invocations=235 (full 4):
 garbage-first heap   total reserved 2013184K, committed 75776K, used 47427K [0x0000000085200000, 0x0000000100000000)
  region size 1024K, 15 young (15360K), 1 survivors (1024K)
 Metaspace       used 77802K, committed 78912K, reserved 1179648K
  class space    used 11269K, committed 11712K, reserved 1048576K
}
Event: 10022.029 GC heap after
{Heap after GC invocations=236 (full 5):
 garbage-first heap   total reserved 2013184K, committed 75776K, used 27096K [0x0000000085200000, 0x0000000100000000)
  region size 1024K, 0 young (0K), 0 survivors (0K)
 Metaspace       used 77778K, committed 78912K, reserved 1179648K
  class space    used 11263K, committed 11712K, reserved 1048576K
}
Event: 10022.483 GC heap before
{Heap before GC invocations=236 (full 5):
 garbage-first heap   total reserved 2013184K, committed 75776K, used 68056K [0x0000000085200000, 0x0000000100000000)
  region size 1024K, 40 young (40960K), 0 survivors (0K)
 Metaspace       used 77928K, committed 78912K, reserved 1179648K
  class space    used 11296K, committed 11712K, reserved 1048576K
}
Event: 10022.489 GC heap after
{Heap after GC invocations=237 (full 5):
 garbage-first heap   total reserved 2013184K, committed 75776K, used 31503K [0x0000000085200000, 0x0000000100000000)
  region size 1024K, 5 young (5120K), 5 survivors (5120K)
 Metaspace       used 77928K, committed 78912K, reserved 1179648K
  class space    used 11296K, committed 11712K, reserved 1048576K
}
Event: 10022.957 GC heap before
{Heap before GC invocations=238 (full 5):
 garbage-first heap   total reserved 2013184K, committed 75776K, used 61199K [0x0000000085200000, 0x0000000100000000)
  region size 1024K, 35 young (35840K), 5 survivors (5120K)
 Metaspace       used 78191K, committed 79040K, reserved 1179648K
  class space    used 11328K, committed 11712K, reserved 1048576K
}
Event: 10022.961 GC heap after
{Heap after GC invocations=239 (full 5):
 garbage-first heap   total reserved 2013184K, committed 75776K, used 34492K [0x0000000085200000, 0x0000000100000000)
  region size 1024K, 4 young (4096K), 4 survivors (4096K)
 Metaspace       used 78191K, committed 79040K, reserved 1179648K
  class space    used 11328K, committed 11712K, reserved 1048576K
}
Event: 10028.875 GC heap before
{Heap before GC invocations=239 (full 5):
 garbage-first heap   total reserved 2013184K, committed 75776K, used 61116K [0x0000000085200000, 0x0000000100000000)
  region size 1024K, 31 young (31744K), 4 survivors (4096K)
 Metaspace       used 78345K, committed 79232K, reserved 1179648K
  class space    used 11368K, committed 11776K, reserved 1048576K
}
Event: 10028.881 GC heap after
{Heap after GC invocations=240 (full 5):
 garbage-first heap   total reserved 2013184K, committed 75776K, used 38264K [0x0000000085200000, 0x0000000100000000)
  region size 1024K, 4 young (4096K), 4 survivors (4096K)
 Metaspace       used 78345K, committed 79232K, reserved 1179648K
  class space    used 11368K, committed 11776K, reserved 1048576K
}
Event: 10038.028 GC heap before
{Heap before GC invocations=240 (full 5):
 garbage-first heap   total reserved 2013184K, committed 75776K, used 46456K [0x0000000085200000, 0x0000000100000000)
  region size 1024K, 13 young (13312K), 4 survivors (4096K)
 Metaspace       used 78348K, committed 79232K, reserved 1179648K
  class space    used 11369K, committed 11776K, reserved 1048576K
}

Dll operation events (13 events):
Event: 0.027 Loaded shared library C:\Users\ruthv\.jdks\openjdk-23.0.2\bin\java.dll
Event: 0.155 Loaded shared library C:\Users\ruthv\.jdks\openjdk-23.0.2\bin\zip.dll
Event: 0.159 Loaded shared library C:\Users\ruthv\.jdks\openjdk-23.0.2\bin\instrument.dll
Event: 0.165 Loaded shared library C:\Users\ruthv\.jdks\openjdk-23.0.2\bin\net.dll
Event: 0.167 Loaded shared library C:\Users\ruthv\.jdks\openjdk-23.0.2\bin\nio.dll
Event: 0.170 Loaded shared library C:\Users\ruthv\.jdks\openjdk-23.0.2\bin\zip.dll
Event: 0.227 Loaded shared library C:\Users\ruthv\.jdks\openjdk-23.0.2\bin\jimage.dll
Event: 0.247 Loaded shared library C:\Program Files\JetBrains\IntelliJ IDEA 2024.3.3\bin\breakgen64.dll
Event: 0.260 Loaded shared library C:\Users\ruthv\.jdks\openjdk-23.0.2\bin\extnet.dll
Event: 0.272 Loaded shared library C:\Users\ruthv\.jdks\openjdk-23.0.2\bin\management.dll
Event: 0.289 Loaded shared library C:\Users\ruthv\.jdks\openjdk-23.0.2\bin\management_ext.dll
Event: 2.046 Loaded shared library C:\Users\ruthv\.jdks\openjdk-23.0.2\bin\sunmscapi.dll
Event: 4.948 Loaded shared library C:\Users\ruthv\.jdks\openjdk-23.0.2\bin\verify.dll

Deoptimization events (6 events):
Event: 8.632 Thread 0x000001aed69ac3e0 DEOPT PACKING pc=0x000001ae88cf2794 sp=0x000000417b3fc430
Event: 8.632 Thread 0x000001aed69ac3e0 DEOPT UNPACKING pc=0x000001ae886c4b22 sp=0x000000417b3fb988 mode 0
Event: 8.847 Thread 0x000001aed69ac3e0 DEOPT PACKING pc=0x000001ae88d00bd1 sp=0x000000417b3fd2e0
Event: 8.847 Thread 0x000001aed69ac3e0 DEOPT UNPACKING pc=0x000001ae886c4b22 sp=0x000000417b3fc7e8 mode 3
Event: 7169.449 Thread 0x000001aed6cb8440 DEOPT PACKING pc=0x000001ae88ddbbf4 sp=0x000000417c8fc6d0
Event: 7169.449 Thread 0x000001aed6cb8440 DEOPT UNPACKING pc=0x000001ae886c4b22 sp=0x000000417c8fbb80 mode 0

Classes loaded (20 events):
Event: 7194.354 Loading class sun/security/ssl/PreSharedKeyExtension$SHPreSharedKeySpec
Event: 7194.357 Loading class sun/security/ssl/PreSharedKeyExtension$SHPreSharedKeySpec done
Event: 7687.016 Loading class sun/util/resources/LocaleData$CommonResourceBundleProvider
Event: 7687.016 Loading class sun/util/resources/LocaleData$LocaleDataResourceBundleProvider
Event: 7687.016 Loading class java/util/spi/ResourceBundleProvider
Event: 7687.017 Loading class java/util/spi/ResourceBundleProvider done
Event: 7687.017 Loading class sun/util/resources/LocaleData$LocaleDataResourceBundleProvider done
Event: 7687.017 Loading class sun/util/resources/LocaleData$CommonResourceBundleProvider done
Event: 7687.017 Loading class java/util/ArrayList$SubList$1
Event: 7687.017 Loading class java/util/ArrayList$SubList$1 done
Event: 7687.017 Loading class sun/util/resources/Bundles$2
Event: 7687.018 Loading class sun/util/resources/Bundles$2 done
Event: 7688.890 Loading class java/time/DurationEditor
Event: 7688.890 Loading class java/time/DurationEditor done
Event: 9659.286 Loading class java/lang/invoke/MethodHandleImpl$CountingWrapper$1
Event: 9659.286 Loading class java/lang/invoke/MethodHandleImpl$CountingWrapper$1 done
Event: 9659.307 Loading class java/time/DurationEditor
Event: 9659.307 Loading class java/time/DurationEditor done
Event: 10022.943 Loading class java/time/DurationEditor
Event: 10022.943 Loading class java/time/DurationEditor done

Classes unloaded (20 events):
Event: 9752.593 Thread 0x000001ae8fe6f520 Unloading class 0x000001ae92b56800 'java/lang/invoke/LambdaForm$MH+0x000001ae92b56800'
Event: 9752.593 Thread 0x000001ae8fe6f520 Unloading class 0x000001ae92b56000 'java/lang/invoke/LambdaForm$MH+0x000001ae92b56000'
Event: 9752.593 Thread 0x000001ae8fe6f520 Unloading class 0x000001ae92b55800 'java/lang/invoke/LambdaForm$MH+0x000001ae92b55800'
Event: 9752.593 Thread 0x000001ae8fe6f520 Unloading class 0x000001ae92b53400 'java/lang/invoke/LambdaForm$MH+0x000001ae92b53400'
Event: 9752.593 Thread 0x000001ae8fe6f520 Unloading class 0x000001ae92b41c00 'java/lang/invoke/LambdaForm$MH+0x000001ae92b41c00'
Event: 9752.593 Thread 0x000001ae8fe6f520 Unloading class 0x000001ae92b49c00 'java/lang/invoke/LambdaForm$MH+0x000001ae92b49c00'
Event: 9752.593 Thread 0x000001ae8fe6f520 Unloading class 0x000001ae92b42400 'java/lang/invoke/LambdaForm$MH+0x000001ae92b42400'
Event: 9752.593 Thread 0x000001ae8fe6f520 Unloading class 0x000001ae920dc400 'java/lang/invoke/LambdaForm$MH+0x000001ae920dc400'
Event: 10021.912 Thread 0x000001ae8fe6f520 Unloading class 0x000001ae92b48c00 'java/lang/invoke/LambdaForm$MH+0x000001ae92b48c00'
Event: 10021.912 Thread 0x000001ae8fe6f520 Unloading class 0x000001ae92b48000 'java/lang/invoke/LambdaForm$MH+0x000001ae92b48000'
Event: 10021.912 Thread 0x000001ae8fe6f520 Unloading class 0x000001ae92b52800 'java/lang/invoke/LambdaForm$MH+0x000001ae92b52800'
Event: 10021.912 Thread 0x000001ae8fe6f520 Unloading class 0x000001ae92b52400 'java/lang/invoke/LambdaForm$MH+0x000001ae92b52400'
Event: 10021.912 Thread 0x000001ae8fe6f520 Unloading class 0x000001ae92b52000 'java/lang/invoke/LambdaForm$MH+0x000001ae92b52000'
Event: 10021.912 Thread 0x000001ae8fe6f520 Unloading class 0x000001ae92b5ec00 'java/lang/invoke/LambdaForm$MH+0x000001ae92b5ec00'
Event: 10021.912 Thread 0x000001ae8fe6f520 Unloading class 0x000001ae92b5e800 'java/lang/invoke/LambdaForm$MH+0x000001ae92b5e800'
Event: 10021.912 Thread 0x000001ae8fe6f520 Unloading class 0x000001ae92b5a000 'java/lang/invoke/LambdaForm$MH+0x000001ae92b5a000'
Event: 10021.912 Thread 0x000001ae8fe6f520 Unloading class 0x000001ae92b5d400 'java/lang/invoke/LambdaForm$DMH+0x000001ae92b5d400'
Event: 10021.912 Thread 0x000001ae8fe6f520 Unloading class 0x000001ae92b88800 'java/lang/invoke/LambdaForm$MH+0x000001ae92b88800'
Event: 10021.912 Thread 0x000001ae8fe6f520 Unloading class 0x000001ae92b8bc00 'java/lang/invoke/LambdaForm$MH+0x000001ae92b8bc00'
Event: 10021.912 Thread 0x000001ae8fe6f520 Unloading class 0x000001ae92b96c00 'java/lang/invoke/LambdaForm$MH+0x000001ae92b96c00'

Classes redefined (0 events):
No events

Internal exceptions (20 events):
Event: 9658.838 Thread 0x000001aed9d63740 Exception <a 'java/lang/NoSuchMethodError'{0x00000000fff51ce8}: 'int java.lang.invoke.DirectMethodHandle$Holder.invokeVirtual(java.lang.Object, java.lang.Object, java.lang.Object, java.lang.Object)'> (0x00000000fff51ce8) 
thrown [s\open\src\hotspot\share\interpreter\linkResolver.cpp, line 796]
Event: 9658.839 Thread 0x000001aed9d63740 Exception <a 'java/lang/NoSuchMethodError'{0x00000000fff552e8}: 'int java.lang.invoke.DelegatingMethodHandle$Holder.reinvoke_L(java.lang.Object, java.lang.Object, java.lang.Object, java.lang.Object)'> (0x00000000fff552e8) 
thrown [s\open\src\hotspot\share\interpreter\linkResolver.cpp, line 796]
Event: 9658.860 Thread 0x000001aed9d63740 Exception <a 'java/io/FileNotFoundException'{0x00000000fffb0108}> (0x00000000fffb0108) 
thrown [s\open\src\hotspot\share\prims\jni.cpp, line 520]
Event: 9658.860 Thread 0x000001aed9d63740 Exception <a 'java/io/FileNotFoundException'{0x00000000fffb13e8}> (0x00000000fffb13e8) 
thrown [s\open\src\hotspot\share\prims\jni.cpp, line 520]
Event: 9658.881 Thread 0x000001aed9d63740 Exception <a 'java/io/FileNotFoundException'{0x0000000089a86538}> (0x0000000089a86538) 
thrown [s\open\src\hotspot\share\prims\jni.cpp, line 520]
Event: 10021.901 Thread 0x000001aed9d65180 Exception <a 'java/lang/InterruptedException'{0x0000000088e00150}: sleep interrupted> (0x0000000088e00150) 
thrown [s\open\src\hotspot\share\prims\jvm.cpp, line 3093]
Event: 10022.070 Thread 0x000001aed6cc1ed0 Exception <a 'sun/nio/fs/WindowsException'{0x00000000fffc4730}> (0x00000000fffc4730) 
thrown [s\open\src\hotspot\share\prims\jni.cpp, line 520]
Event: 10022.424 Thread 0x000001aed6cc1ed0 Exception <a 'java/lang/NoClassDefFoundError'{0x0000000087c63f28}: org/flywaydb/core/Flyway> (0x0000000087c63f28) 
thrown [s\open\src\hotspot\share\oops\constantPool.cpp, line 867]
Event: 10022.424 Thread 0x000001aed6cc1ed0 Exception <a 'java/lang/NoClassDefFoundError'{0x0000000087c64588}: liquibase/integration/spring/SpringLiquibase> (0x0000000087c64588) 
thrown [s\open\src\hotspot\share\oops\constantPool.cpp, line 867]
Event: 10022.430 Thread 0x000001aed6cc1ed0 Exception <a 'java/lang/NoClassDefFoundError'{0x0000000087ce7f90}: org/jooq/DSLContext> (0x0000000087ce7f90) 
thrown [s\open\src\hotspot\share\oops\constantPool.cpp, line 867]
Event: 10022.430 Thread 0x000001aed6cc1ed0 Exception <a 'java/lang/NoClassDefFoundError'{0x0000000087cf5508}: org/springframework/batch/core/repository/JobRepository> (0x0000000087cf5508) 
thrown [s\open\src\hotspot\share\oops\constantPool.cpp, line 867]
Event: 10022.430 Thread 0x000001aed6cc1ed0 Exception <a 'java/lang/NoClassDefFoundError'{0x0000000087cf5b60}: org/quartz/Scheduler> (0x0000000087cf5b60) 
thrown [s\open\src\hotspot\share\oops\constantPool.cpp, line 867]
Event: 10022.430 Thread 0x000001aed6cc1ed0 Exception <a 'java/lang/NoClassDefFoundError'{0x0000000087cf61e0}: org/springframework/session/jdbc/JdbcIndexedSessionRepository> (0x0000000087cf61e0) 
thrown [s\open\src\hotspot\share\oops\constantPool.cpp, line 867]
Event: 10022.439 Thread 0x000001aed6cc1ed0 Exception <a 'java/lang/NoSuchMethodError'{0x0000000087be2d50}: 'void java.lang.invoke.DelegatingMethodHandle$Holder.reinvoke_L(java.lang.Object, java.lang.Object, int)'> (0x0000000087be2d50) 
thrown [s\open\src\hotspot\share\interpreter\linkResolver.cpp, line 796]
Event: 10022.482 Thread 0x000001aed6cc1ed0 Exception <a 'java/lang/NoSuchMethodError'{0x00000000874e1e20}: 'int java.lang.invoke.DirectMethodHandle$Holder.invokeVirtual(java.lang.Object, java.lang.Object, java.lang.Object, java.lang.Object)'> (0x00000000874e1e20) 
thrown [s\open\src\hotspot\share\interpreter\linkResolver.cpp, line 796]
Event: 10022.483 Thread 0x000001aed6cc1ed0 Exception <a 'java/lang/NoSuchMethodError'{0x00000000874e5420}: 'int java.lang.invoke.DelegatingMethodHandle$Holder.reinvoke_L(java.lang.Object, java.lang.Object, java.lang.Object, java.lang.Object)'> (0x00000000874e5420) 
thrown [s\open\src\hotspot\share\interpreter\linkResolver.cpp, line 796]
Event: 10022.510 Thread 0x000001aed6cc1ed0 Exception <a 'java/io/FileNotFoundException'{0x00000000fff402a8}> (0x00000000fff402a8) 
thrown [s\open\src\hotspot\share\prims\jni.cpp, line 520]
Event: 10022.510 Thread 0x000001aed6cc1ed0 Exception <a 'java/io/FileNotFoundException'{0x00000000fff41588}> (0x00000000fff41588) 
thrown [s\open\src\hotspot\share\prims\jni.cpp, line 520]
Event: 10022.532 Thread 0x000001aed6cc1ed0 Exception <a 'java/io/FileNotFoundException'{0x0000000089a6e470}> (0x0000000089a6e470) 
thrown [s\open\src\hotspot\share\prims\jni.cpp, line 520]
Event: 10038.027 Thread 0x000001aed6cc3910 Exception <a 'java/lang/InterruptedException'{0x0000000089360ed8}: sleep interrupted> (0x0000000089360ed8) 
thrown [s\open\src\hotspot\share\prims\jvm.cpp, line 3093]

VM Operations (20 events):
Event: 9961.898 Executing VM operation: G1CollectForAllocation (G1 Evacuation Pause) done
Event: 10007.401 Executing VM operation: G1CollectForAllocation (G1 Evacuation Pause)
Event: 10007.404 Executing VM operation: G1CollectForAllocation (G1 Evacuation Pause) done
Event: 10007.418 Executing VM operation: G1PauseRemark
Event: 10007.423 Executing VM operation: G1PauseRemark done
Event: 10007.429 Executing VM operation: G1PauseCleanup
Event: 10007.429 Executing VM operation: G1PauseCleanup done
Event: 10021.903 Executing VM operation: G1CollectFull (System.gc())
Event: 10022.029 Executing VM operation: G1CollectFull (System.gc()) done
Event: 10022.483 Executing VM operation: G1CollectForAllocation (G1 Evacuation Pause)
Event: 10022.489 Executing VM operation: G1CollectForAllocation (G1 Evacuation Pause) done
Event: 10022.502 Executing VM operation: G1PauseRemark
Event: 10022.509 Executing VM operation: G1PauseRemark done
Event: 10022.514 Executing VM operation: G1PauseCleanup
Event: 10022.514 Executing VM operation: G1PauseCleanup done
Event: 10022.957 Executing VM operation: G1CollectForAllocation (G1 Evacuation Pause)
Event: 10022.961 Executing VM operation: G1CollectForAllocation (G1 Evacuation Pause) done
Event: 10028.875 Executing VM operation: G1CollectForAllocation (G1 Evacuation Pause)
Event: 10028.881 Executing VM operation: G1CollectForAllocation (G1 Evacuation Pause) done
Event: 10038.028 Executing VM operation: G1CollectFull (System.gc())

Memory protections (0 events):
No events

Nmethod flushes (20 events):
Event: 10022.508 Thread 0x000001ae8fe6f520 flushing  nmethod 0x000001ae891b1c08
Event: 10022.508 Thread 0x000001ae8fe6f520 flushing  nmethod 0x000001ae891b2b88
Event: 10022.508 Thread 0x000001ae8fe6f520 flushing  nmethod 0x000001ae891b2f88
Event: 10022.508 Thread 0x000001ae8fe6f520 flushing  nmethod 0x000001ae891cc708
Event: 10022.508 Thread 0x000001ae8fe6f520 flushing  nmethod 0x000001ae891cca08
Event: 10022.508 Thread 0x000001ae8fe6f520 flushing  nmethod 0x000001ae891cd308
Event: 10022.508 Thread 0x000001ae8fe6f520 flushing  nmethod 0x000001ae891cd608
Event: 10022.508 Thread 0x000001ae8fe6f520 flushing  nmethod 0x000001ae891cd908
Event: 10022.508 Thread 0x000001ae8fe6f520 flushing  nmethod 0x000001ae891cdc08
Event: 10022.508 Thread 0x000001ae8fe6f520 flushing  nmethod 0x000001ae891cdf08
Event: 10022.508 Thread 0x000001ae8fe6f520 flushing  nmethod 0x000001ae891ce208
Event: 10022.508 Thread 0x000001ae8fe6f520 flushing  nmethod 0x000001ae891ceb08
Event: 10022.508 Thread 0x000001ae8fe6f520 flushing  nmethod 0x000001ae891cf108
Event: 10022.508 Thread 0x000001ae8fe6f520 flushing  nmethod 0x000001ae891e2f88
Event: 10022.508 Thread 0x000001ae8fe6f520 flushing  nmethod 0x000001ae891e5e88
Event: 10022.508 Thread 0x000001ae8fe6f520 flushing  nmethod 0x000001ae891fc408
Event: 10022.508 Thread 0x000001ae8fe6f520 flushing  nmethod 0x000001ae891fc788
Event: 10022.508 Thread 0x000001ae8fe6f520 flushing  nmethod 0x000001ae891fee08
Event: 10022.508 Thread 0x000001ae8fe6f520 flushing  nmethod 0x000001ae89275c08
Event: 10022.508 Thread 0x000001ae8fe6f520 flushing  nmethod 0x000001ae89276408

Events (20 events):
Event: 10038.006 Thread 0x000001aed9d65ea0 Thread added: 0x000001aed6632fd0
Event: 10038.006 Thread 0x000001aed9d65ea0 Thread exited: 0x000001aed9d65ea0
Event: 10038.017 Thread 0x000001aed6634380 Thread exited: 0x000001aed6634380
Event: 10038.018 Thread 0x000001aed6633660 Thread exited: 0x000001aed6633660
Event: 10038.018 Thread 0x000001aed9d678e0 Thread exited: 0x000001aed9d678e0
Event: 10038.018 Thread 0x000001aed9d68600 Thread exited: 0x000001aed9d68600
Event: 10038.018 Thread 0x000001aed9d67250 Thread exited: 0x000001aed9d67250
Event: 10038.018 Thread 0x000001aed9d69320 Thread exited: 0x000001aed9d69320
Event: 10038.018 Thread 0x000001aed9d62a20 Thread exited: 0x000001aed9d62a20
Event: 10038.018 Thread 0x000001aed6636450 Thread exited: 0x000001aed6636450
Event: 10038.018 Thread 0x000001aed9d68c90 Thread exited: 0x000001aed9d68c90
Event: 10038.018 Thread 0x000001aed9d66bc0 Thread exited: 0x000001aed9d66bc0
Event: 10038.018 Thread 0x000001aed6632940 Thread exited: 0x000001aed6632940
Event: 10038.018 Thread 0x000001aed9d67f70 Thread exited: 0x000001aed9d67f70
Event: 10038.020 Thread 0x000001aed6632fd0 Thread added: 0x000001aed6635730
Event: 10038.021 Thread 0x000001aed6cc2bf0 Thread exited: 0x000001aed6cc2bf0
Event: 10038.024 Thread 0x000001aed6635730 Thread exited: 0x000001aed6635730
Event: 10038.027 Thread 0x000001aed6cc4630 Thread exited: 0x000001aed6cc4630
Event: 10038.027 Thread 0x000001aed6cc3fa0 Thread exited: 0x000001aed6cc3fa0
Event: 10038.027 Thread 0x000001aed6cc3910 Thread exited: 0x000001aed6cc3910


Dynamic libraries:
0x00007ff61cbc0000 - 0x00007ff61cbce000 	C:\Users\ruthv\.jdks\openjdk-23.0.2\bin\java.exe
0x00007ffd29040000 - 0x00007ffd292a8000 	C:\WINDOWS\SYSTEM32\ntdll.dll
0x00007ffd27ff0000 - 0x00007ffd280b9000 	C:\WINDOWS\System32\KERNEL32.DLL
0x00007ffd26550000 - 0x00007ffd26942000 	C:\WINDOWS\System32\KERNELBASE.dll
0x00007ffd26b40000 - 0x00007ffd26c8b000 	C:\WINDOWS\System32\ucrtbase.dll
0x00007ffd1c120000 - 0x00007ffd1c137000 	C:\Users\ruthv\.jdks\openjdk-23.0.2\bin\jli.dll
0x00007ffd1c100000 - 0x00007ffd1c11b000 	C:\Users\ruthv\.jdks\openjdk-23.0.2\bin\VCRUNTIME140.dll
0x00007ffd280c0000 - 0x00007ffd28285000 	C:\WINDOWS\System32\USER32.dll
0x00007ffd261d0000 - 0x00007ffd261f7000 	C:\WINDOWS\System32\win32u.dll
0x00007ffd026d0000 - 0x00007ffd02963000 	C:\WINDOWS\WinSxS\amd64_microsoft.windows.common-controls_6595b64144ccf1df_6.0.26100.6899_none_3e0efeeae32e88c1\COMCTL32.dll
0x00007ffd284b0000 - 0x00007ffd284db000 	C:\WINDOWS\System32\GDI32.dll
0x00007ffd27e60000 - 0x00007ffd27f09000 	C:\WINDOWS\System32\msvcrt.dll
0x00007ffd26950000 - 0x00007ffd26a7d000 	C:\WINDOWS\System32\gdi32full.dll
0x00007ffd264a0000 - 0x00007ffd26543000 	C:\WINDOWS\System32\msvcp_win.dll
0x00007ffd26f50000 - 0x00007ffd26f7f000 	C:\WINDOWS\System32\IMM32.DLL
0x00007ffd1f800000 - 0x00007ffd1f80c000 	C:\Users\ruthv\.jdks\openjdk-23.0.2\bin\vcruntime140_1.dll
0x00007ffcf6f60000 - 0x00007ffcf6fee000 	C:\Users\ruthv\.jdks\openjdk-23.0.2\bin\msvcp140.dll
0x00007ffcc4360000 - 0x00007ffcc50b0000 	C:\Users\ruthv\.jdks\openjdk-23.0.2\bin\server\jvm.dll
0x00007ffd28e80000 - 0x00007ffd28f34000 	C:\WINDOWS\System32\ADVAPI32.dll
0x00007ffd26e10000 - 0x00007ffd26eb6000 	C:\WINDOWS\System32\sechost.dll
0x00007ffd27080000 - 0x00007ffd27198000 	C:\WINDOWS\System32\RPCRT4.dll
0x00007ffd26f90000 - 0x00007ffd27004000 	C:\WINDOWS\System32\WS2_32.dll
0x00007ffd1b140000 - 0x00007ffd1b14b000 	C:\WINDOWS\SYSTEM32\VERSION.dll
0x00007ffd25bd0000 - 0x00007ffd25c2e000 	C:\WINDOWS\SYSTEM32\POWRPROF.dll
0x00007ffd190a0000 - 0x00007ffd190d5000 	C:\WINDOWS\SYSTEM32\WINMM.dll
0x00007ffd25ab0000 - 0x00007ffd25ac4000 	C:\WINDOWS\SYSTEM32\UMPDC.dll
0x00007ffd24f80000 - 0x00007ffd24f9b000 	C:\WINDOWS\SYSTEM32\kernel.appcore.dll
0x00007ffd18e00000 - 0x00007ffd18e0a000 	C:\Users\ruthv\.jdks\openjdk-23.0.2\bin\jimage.dll
0x00007ffd239b0000 - 0x00007ffd23bf2000 	C:\WINDOWS\SYSTEM32\DBGHELP.DLL
0x00007ffd27ae0000 - 0x00007ffd27e5b000 	C:\WINDOWS\System32\combase.dll
0x00007ffd27f10000 - 0x00007ffd27fe7000 	C:\WINDOWS\System32\OLEAUT32.dll
0x00007ffd03620000 - 0x00007ffd0365c000 	C:\WINDOWS\SYSTEM32\dbgcore.DLL
0x00007ffd26400000 - 0x00007ffd26498000 	C:\WINDOWS\System32\bcryptPrimitives.dll
0x00007ffd18df0000 - 0x00007ffd18dff000 	C:\Users\ruthv\.jdks\openjdk-23.0.2\bin\instrument.dll
0x00007ffd18bf0000 - 0x00007ffd18c0e000 	C:\Users\ruthv\.jdks\openjdk-23.0.2\bin\java.dll
0x00007ffd28300000 - 0x00007ffd28498000 	C:\WINDOWS\System32\ole32.dll
0x00007ffd272a0000 - 0x00007ffd279ed000 	C:\WINDOWS\System32\SHELL32.dll
0x00007ffd26200000 - 0x00007ffd2636b000 	C:\WINDOWS\System32\wintypes.dll
0x00007ffd23df0000 - 0x00007ffd2464d000 	C:\WINDOWS\SYSTEM32\windows.storage.dll
0x00007ffd28b80000 - 0x00007ffd28c72000 	C:\WINDOWS\System32\SHCORE.dll
0x00007ffd28290000 - 0x00007ffd282f2000 	C:\WINDOWS\System32\shlwapi.dll
0x00007ffd260f0000 - 0x00007ffd26119000 	C:\WINDOWS\SYSTEM32\profapi.dll
0x00007ffd14130000 - 0x00007ffd14147000 	C:\Users\ruthv\.jdks\openjdk-23.0.2\bin\zip.dll
0x00007ffd18be0000 - 0x00007ffd18bf0000 	C:\Users\ruthv\.jdks\openjdk-23.0.2\bin\net.dll
0x00007ffd25510000 - 0x00007ffd2557b000 	C:\WINDOWS\system32\mswsock.dll
0x00007ffd16ca0000 - 0x00007ffd16cb6000 	C:\Users\ruthv\.jdks\openjdk-23.0.2\bin\nio.dll
0x00007ffd0cec0000 - 0x00007ffd0ceda000 	C:\Program Files\JetBrains\IntelliJ IDEA 2024.3.3\bin\breakgen64.dll
0x00007ffd24a50000 - 0x00007ffd24b76000 	C:\WINDOWS\SYSTEM32\DNSAPI.dll
0x00007ffd24a10000 - 0x00007ffd24a44000 	C:\WINDOWS\SYSTEM32\IPHLPAPI.DLL
0x00007ffd27a40000 - 0x00007ffd27a4a000 	C:\WINDOWS\System32\NSI.dll
0x00007ffd13fb0000 - 0x00007ffd13fb9000 	C:\Users\ruthv\.jdks\openjdk-23.0.2\bin\extnet.dll
0x00007ffd1bab0000 - 0x00007ffd1babb000 	C:\Windows\System32\rasadhlp.dll
0x00007ffd1d410000 - 0x00007ffd1d496000 	C:\WINDOWS\System32\fwpuclnt.dll
0x00007ffd10670000 - 0x00007ffd1067a000 	C:\Users\ruthv\.jdks\openjdk-23.0.2\bin\management.dll
0x00007ffd0ceb0000 - 0x00007ffd0cebb000 	C:\Users\ruthv\.jdks\openjdk-23.0.2\bin\management_ext.dll
0x00007ffd27a50000 - 0x00007ffd27a58000 	C:\WINDOWS\System32\PSAPI.DLL
0x00007ffd257c0000 - 0x00007ffd257db000 	C:\WINDOWS\SYSTEM32\CRYPTSP.dll
0x00007ffd24ee0000 - 0x00007ffd24f1b000 	C:\WINDOWS\system32\rsaenh.dll
0x00007ffd255b0000 - 0x00007ffd255db000 	C:\WINDOWS\SYSTEM32\USERENV.dll
0x00007ffd260c0000 - 0x00007ffd260e6000 	C:\WINDOWS\SYSTEM32\bcrypt.dll
0x00007ffd257e0000 - 0x00007ffd257ec000 	C:\WINDOWS\SYSTEM32\CRYPTBASE.dll
0x00007ffcf97e0000 - 0x00007ffcf97f8000 	C:\WINDOWS\system32\napinsp.dll
0x00007ffcf97c0000 - 0x00007ffcf97d2000 	C:\WINDOWS\System32\winrnr.dll
0x00007ffcf8c80000 - 0x00007ffcf8ca8000 	C:\WINDOWS\system32\nlansp_c.dll
0x00007ffd1b0f0000 - 0x00007ffd1b106000 	C:\WINDOWS\system32\wshbth.dll
0x00007ffd15f60000 - 0x00007ffd15fb6000 	C:\WINDOWS\SYSTEM32\pdh.dll
0x00007ffd1f810000 - 0x00007ffd1f822000 	C:\WINDOWS\System32\perfproc.dll
0x00007ffd13aa0000 - 0x00007ffd13aae000 	C:\Users\ruthv\.jdks\openjdk-23.0.2\bin\sunmscapi.dll
0x00007ffd26c90000 - 0x00007ffd26e07000 	C:\WINDOWS\System32\CRYPT32.dll
0x00007ffd25a70000 - 0x00007ffd25aa0000 	C:\WINDOWS\SYSTEM32\ncrypt.dll
0x00007ffd25a20000 - 0x00007ffd25a5f000 	C:\WINDOWS\SYSTEM32\NTASN1.dll
0x00007ffd05700000 - 0x00007ffd05710000 	C:\Users\ruthv\.jdks\openjdk-23.0.2\bin\verify.dll
0x00007ffd070f0000 - 0x00007ffd070f8000 	C:\WINDOWS\system32\wshunix.dll

dbghelp: loaded successfully - version: 4.0.5 - missing functions: none
symbol engine: initialized successfully - sym options: 0x614 - pdb path: .;C:\Users\ruthv\.jdks\openjdk-23.0.2\bin;C:\WINDOWS\SYSTEM32;C:\WINDOWS\WinSxS\amd64_microsoft.windows.common-controls_6595b64144ccf1df_6.0.26100.6899_none_3e0efeeae32e88c1;C:\Users\ruthv\.jdks\openjdk-23.0.2\bin\server;C:\Program Files\JetBrains\IntelliJ IDEA 2024.3.3\bin

VM Arguments:
jvm_args: -XX:TieredStopAtLevel=1 -Dspring.output.ansi.enabled=always -Dcom.sun.management.jmxremote -Dspring.jmx.enabled=true -Dspring.liveBeansView.mbeanDomain -Dspring.application.admin.enabled=true -Dmanagement.endpoints.jmx.exposure.include=* -javaagent:C:\Program Files\JetBrains\IntelliJ IDEA 2024.3.3\lib\idea_rt.jar=61510:C:\Program Files\JetBrains\IntelliJ IDEA 2024.3.3\bin -Dfile.encoding=UTF-8 -Dsun.stdout.encoding=UTF-8 -Dsun.stderr.encoding=UTF-8 
java_command: com.scaler.productservice.ProductServiceApplication
java_class_path (initial): F:\REQ SOFTWARES\Java\openjdk - 17.0.12;C:\Users\ruthv\OneDrive\Desktop\ProductService\target\classes;C:\Users\ruthv\.m2\repository\org\springframework\boot\spring-boot-starter-data-jpa\3.3.4\spring-boot-starter-data-jpa-3.3.4.jar;C:\Users\ruthv\.m2\repository\org\springframework\boot\spring-boot-starter-aop\3.3.4\spring-boot-starter-aop-3.3.4.jar;C:\Users\ruthv\.m2\repository\org\springframework\spring-aop\6.1.13\spring-aop-6.1.13.jar;C:\Users\ruthv\.m2\repository\org\aspectj\aspectjweaver\1.9.22.1\aspectjweaver-1.9.22.1.jar;C:\Users\ruthv\.m2\repository\org\springframework\boot\spring-boot-starter-jdbc\3.3.4\spring-boot-starter-jdbc-3.3.4.jar;C:\Users\ruthv\.m2\repository\com\zaxxer\HikariCP\5.1.0\HikariCP-5.1.0.jar;C:\Users\ruthv\.m2\repository\org\springframework\spring-jdbc\6.1.13\spring-jdbc-6.1.13.jar;C:\Users\ruthv\.m2\repository\org\hibernate\orm\hibernate-core\6.5.3.Final\hibernate-core-6.5.3.Final.jar;C:\Users\ruthv\.m2\repository\jakarta\persistence\jakarta.persistence-api\3.1.0\jakarta.persistence-api-3.1.0.jar;C:\Users\ruthv\.m2\repository\jakarta\transaction\jakarta.transaction-api\2.0.1\jakarta.transaction-api-2.0.1.jar;C:\Users\ruthv\.m2\repository\org\jboss\logging\jboss-logging\3.5.3.Final\jboss-logging-3.5.3.Final.jar;C:\Users\ruthv\.m2\repository\org\hibernate\common\hibernate-commons-annotations\6.0.6.Final\hibernate-commons-annotations-6.0.6.Final.jar;C:\Users\ruthv\.m2\repository\io\smallrye\jandex\3.1.2\jandex-3.1.2.jar;C:\Users\ruthv\.m2\repository\com\fasterxml\classmate\1.7.0\classmate-1.7.0.jar;C:\Users\ruthv\.m2\repository\net\bytebuddy\byte-buddy\1.14.19\byte-buddy-1.14.19.jar;C:\Users\ruthv\.m2\repository\org\glassfish\jaxb\jaxb-runtime\4.0.5\jaxb-runtime-4.0.5.jar;C:\Users\ruthv\.m2\repository\org\glassfish\jaxb\jaxb-core\4.0.5\jaxb-core-4.0.5.jar;C:\Users\ruthv\.m2\repository\org\eclipse\angus\angus-activation\2.0.2\angus-activation-2.0.2.jar;C:\Users\ruthv\.m2\repository\org\glassfish\jaxb\txw2\4.0.5\txw2-4.0.5.jar;C:\Users\ruthv\.m2\repository\com\sun\istack\istack-commons-runtime\4.1.2\istack-commons-runtime-4.1.2.jar;C:\Users\ruthv\.m2\repository\jakarta\inject\jakarta.inject-api\2.0.1\jakarta.inject-api-2.0.1.jar;C:\Users\ruthv\.m2\repository\org\antlr\antlr4-runtime\4.13.0\antlr4-runtime-4.13.0.jar;C:\Users\ruthv\.m2\repository\org\springframework\data\spring-data-jpa\3.3.4\spring-data-jpa-3.3.4.jar;C:\Users\ruthv\.m2\repository\org\springframework\data\spring-data-commons\3.3.4\spring-data-commons-3.3.4.jar;C:\Users\ruthv\.m2\repository\org\springframework\spring-orm\6.1.13\spring-orm-6.1.13.jar;C:\Users\ruthv\.m2\repository\org\springframework\spring-context\6.1.13\spring-context-6.1.13.jar;C:\Users\ruthv\.m2\repository\org\springframework\spring-tx\6.1.13\spring-tx-6.1.13.jar;C:\Users\ruthv\.m2\repository\org\springframework\spring-beans\6.1.13\spring-beans-6.1.13.jar;C:\Users\ruthv\.m2\repository\jakarta\annotation\jakarta.annotation-api\2.1.1\jakarta.annotation-api-2.1.1.jar;C:\Users\ruthv\.m2\repository\org\slf4j\slf4j-api\2.0.16\slf4j-api-2.0.16.jar;C:\Users\ruthv\.m2\repository\org\springframework\spring-aspects\6.1.13\spring-aspects-6.1.13.jar;C:\Users\ruthv\.m2\repository\com\mysql\mysql-connector-j\9.2.0\mysql-connector-j-9.2.0.jar;C:\Users\ruthv\.m2\repository\org\springframework\boot\spring-boot-starter-web\3.3.4\spring-boot-starter-web-3.3.4.jar;C:\Users\ruthv\.m2\repository\org\springframework\boot\spring-boot-starter\3.3.4\spring-boot-starter-3.3.4.jar;C:\Users\ruthv\.m2\repository\org\springframework\boot\spring-boot-starter-logging\3.3.4\spring-boot-starter-logging-3.3.4.jar;C:\Users\ruthv\.m2\repository\ch\qos\logback\logback-classic\1.5.8\logback-classic-1.5.8.jar;C:\Users\ruthv\.m2\repository\ch\qos\logback\logback-core\1.5.8\logback-core-1.5.8.jar;C:\Users\ruthv\.m2\repository\org\apache\logging\log4j\log4j-to-slf4j\2.23.1\log4j-to-slf4j-2.23.1.jar;C:\Users\ruthv\.m2\repository\org\apache\logging\log4j\log4j-api\2.23.1\log4j-api-2.23.1.jar;C:\Users\ruthv\.m2\repository\org\slf4j\jul-to-slf4j\2.0.16\jul-to-slf4j-2.0.16.jar;C:\Users\ruthv\.m2\repository\org\yaml\snakeyaml\2.2\snakeyaml-2.2.jar;C:\Users\ruthv\.m2\repository\org\springframework\boot\spring-boot-starter-json\3.3.4\spring-boot-starter-json-3.3.4.jar;C:\Users\ruthv\.m2\repository\com\fasterxml\jackson\datatype\jackson-datatype-jdk8\2.17.2\jackson-datatype-jdk8-2.17.2.jar;C:\Users\ruthv\.m2\repository\com\fasterxml\jackson\module\jackson-module-parameter-names\2.17.2\jackson-module-parameter-names-2.17.2.jar;C:\Users\ruthv\.m2\repository\org\springframework\boot\spring-boot-starter-tomcat\3.3.4\spring-boot-starter-tomcat-3.3.4.jar;C:\Users\ruthv\.m2\repository\org\apache\tomcat\embed\tomcat-embed-core\10.1.30\tomcat-embed-core-10.1.30.jar;C:\Users\ruthv\.m2\repository\org\apache\tomcat\embed\tomcat-embed-websocket\10.1.30\tomcat-embed-websocket-10.1.30.jar;C:\Users\ruthv\.m2\repository\org\springframework\spring-web\6.1.13\spring-web-6.1.13.jar;C:\Users\ruthv\.m2\repository\io\micrometer\micrometer-observation\1.13.4\micrometer-observation-1.13.4.jar;C:\Users\ruthv\.m2\repository\io\micrometer\micrometer-commons\1.13.4\micrometer-commons-1.13.4.jar;C:\Users\ruthv\.m2\repository\org\springframework\spring-webmvc\6.1.13\spring-webmvc-6.1.13.jar;C:\Users\ruthv\.m2\repository\org\springframework\spring-expression\6.1.13\spring-expression-6.1.13.jar;C:\Users\ruthv\.m2\repository\org\springframework\boot\spring-boot-devtools\3.3.4\spring-boot-devtools-3.3.4.jar;C:\Users\ruthv\.m2\repository\org\springframework\boot\spring-boot\3.3.4\spring-boot-3.3.4.jar;C:\Users\ruthv\.m2\repository\org\springframework\boot\spring-boot-autoconfigure\3.3.4\spring-boot-autoconfigure-3.3.4.jar;C:\Users\ruthv\.m2\repository\org\springdoc\springdoc-openapi-starter-webmvc-ui\2.3.0\springdoc-openapi-starter-webmvc-ui-2.3.0.jar;C:\Users\ruthv\.m2\repository\org\springdoc\springdoc-openapi-starter-webmvc-api\2.3.0\springdoc-openapi-starter-webmvc-api-2.3.0.jar;C:\Users\ruthv\.m2\repository\org\springdoc\springdoc-openapi-starter-common\2.3.0\springdoc-openapi-starter-common-2.3.0.jar;C:\Users\ruthv\.m2\repository\io\swagger\core\v3\swagger-core-jakarta\2.2.19\swagger-core-jakarta-2.2.19.jar;C:\Users\ruthv\.m2\repository\org\apache\commons\commons-lang3\3.14.0\commons-lang3-3.14.0.jar;C:\Users\ruthv\.m2\repository\io\swagger\core\v3\swagger-annotations-jakarta\2.2.19\swagger-annotations-jakarta-2.2.19.jar;C:\Users\ruthv\.m2\repository\io\swagger\core\v3\swagger-models-jakarta\2.2.19\swagger-models-jakarta-2.2.19.jar;C:\Users\ruthv\.m2\repository\com\fasterxml\jackson\dataformat\jackson-dataformat-yaml\2.17.2\jackson-dataformat-yaml-2.17.2.jar;C:\Users\ruthv\.m2\repository\org\webjars\swagger-ui\5.10.3\swagger-ui-5.10.3.jar;C:\Users\ruthv\.m2\repository\org\springframework\boot\spring-boot-configuration-processor\3.3.4\spring-boot-configuration-processor-3.3.4.jar;C:\Users\ruthv\.m2\repository\org\projectlombok\lombok\1.18.34\lombok-1.18.34.jar;C:\Users\ruthv\.m2\repository\jakarta\xml\bind\jakarta.xml.bind-api\4.0.2\jakarta.xml.bind-api-4.0.2.jar;C:\Users\ruthv\.m2\repository\jakarta\activation\jakarta.activation-api\2.1.3\jakarta.activation-api-2.1.3.jar;C:\Users\ruthv\.m2\repository\org\springframework\spring-core\6.1.13\spring-core-6.1.13.jar;C:\Users\ruthv\.m2\repository\org\springframework\spring-jcl\6.1.13\spring-jcl-6.1.13.jar;C:\Users\ruthv\.m2\repository\org\springframework\boot\spring-boot-starter-validation\3.3.4\spring-boot-starter-validation-3.3.4.jar;C:\Users\ruthv\.m2\repository\org\apache\tomcat\embed\tomcat-embed-el\10.1.30\tomcat-embed-el-10.1.30.jar;C:\Users\ruthv\.m2\repository\org\hibernate\validator\hibernate-validator\8.0.1.Final\hibernate-validator-8.0.1.Final.jar;C:\Users\ruthv\.m2\repository\jakarta\validation\jakarta.validation-api\3.0.2\jakarta.validation-api-3.0.2.jar;C:\Users\ruthv\.m2\repository\com\fasterxml\jackson\datatype\jackson-datatype-jsr310\2.17.2\jackson-datatype-jsr310-2.17.2.jar;C:\Users\ruthv\.m2\repository\com\fasterxml\jackson\core\jackson-annotations\2.17.2\jackson-annotations-2.17.2.jar;C:\Users\ruthv\.m2\repository\com\fasterxml\jackson\core\jackson-core\2.17.2\jackson-core-2.17.2.jar;C:\Users\ruthv\.m2\repository\com\fasterxml\jackson\core\jackson-databind\2.17.2\jackson-databind-2.17.2.jar
Launcher Type: SUN_STANDARD

[Global flags]
     intx CICompilerCount                          = 12                                        {product} {ergonomic}
     uint ConcGCThreads                            = 3                                         {product} {ergonomic}
     uint G1ConcRefinementThreads                  = 13                                        {product} {ergonomic}
   size_t G1HeapRegionSize                         = 1048576                                   {product} {ergonomic}
   size_t InitialHeapSize                          = 130023424                                 {product} {ergonomic}
     bool ManagementServer                         = true                                      {product} {command line}
   size_t MarkStackSize                            = 4194304                                   {product} {ergonomic}
   size_t MarkStackSizeMax                         = 536870912                                 {product} {ergonomic}
   size_t MaxHeapSize                              = 2061500416                                {product} {ergonomic}
   size_t MaxNewSize                               = 1236271104                                {product} {ergonomic}
   size_t MinHeapDeltaBytes                        = 1048576                                   {product} {ergonomic}
   size_t MinHeapSize                              = 8388608                                   {product} {ergonomic}
    uintx NonNMethodCodeHeapSize                   = 4096                                   {pd product} {ergonomic}
    uintx NonProfiledCodeHeapSize                  = 0                                      {pd product} {ergonomic}
     bool ProfileInterpreter                       = false                                  {pd product} {command line}
    uintx ProfiledCodeHeapSize                     = 0                                      {pd product} {ergonomic}
   size_t SoftMaxHeapSize                          = 2061500416                             {manageable} {ergonomic}
     intx TieredStopAtLevel                        = 1                                         {product} {command line}
     bool UseCompressedOops                        = true                           {product lp64_product} {ergonomic}
     bool UseG1GC                                  = true                                      {product} {ergonomic}
     bool UseLargePagesIndividualAllocation        = false                                  {pd product} {ergonomic}

Logging:
Log output configuration:
 #0: stdout all=warning uptime,level,tags foldmultilines=false
 #1: stderr all=off uptime,level,tags foldmultilines=false

Environment Variables:
PATH=C:\Program Files\Common Files\Oracle\Java\javapath;C:\windows\system32;C:\windows;C:\windows\System32\Wbem;C:\windows\System32\WindowsPowerShell\v1.0\;C:\windows\System32\OpenSSH\;C:\Program Files (x86)\NVIDIA Corporation\PhysX\Common;C:\Program Files\NVIDIA Corporation\NVIDIA NvDLISR;C:\WINDOWS\system32;C:\WINDOWS;C:\WINDOWS\System32\Wbem;C:\WINDOWS\System32\WindowsPowerShell\v1.0\;C:\WINDOWS\System32\OpenSSH\;C:\Program Files\HP\HP One Agent;C:\Program Files\Apache\Maven\bin;C:\Program Files\Docker\Docker\resources\bin;C:\WINDOWS\system32;C:\WINDOWS;C:\WINDOWS\System32\Wbem;C:\WINDOWS\System32\WindowsPowerShell\v1.0\;C:\WINDOWS\System32\OpenSSH\;C:\Program Files\Git\cmd;C:\Program Files\nodejs\;C:\Program Files\MySQL\MySQL Shell 8.0\bin\;C:\Users\ruthv\AppData\Local\Programs\Python\Python311\Scripts\;C:\Users\ruthv\AppData\Local\Programs\Python\Python311\;C:\Users\ruthv\AppData\Local\Microsoft\WindowsApps;;F:\Microsoft VS Code\bin;C:\Users\ruthv\AppData\Roaming\npm
USERNAME=ruthv
OS=Windows_NT
PROCESSOR_IDENTIFIER=Intel64 Family 6 Model 154 Stepping 3, GenuineIntel
TMP=C:\Users\ruthv\AppData\Local\Temp
TEMP=C:\Users\ruthv\AppData\Local\Temp




Periodic native trim disabled

---------------  S Y S T E M  ---------------

OS:
 Windows 11 , 64 bit Build 26100 (10.0.26100.6725)
OS uptime: 16 days 9:44 hours
Hyper-V role detected

CPU: total 16 (initial active 16) (8 cores per cpu, 2 threads per core) family 6 model 154 stepping 3 microcode 0x434, cx8, cmov, fxsr, ht, mmx, 3dnowpref, sse, sse2, sse3, ssse3, sse4.1, sse4.2, popcnt, lzcnt, tsc, tscinvbit, avx, avx2, aes, erms, clmul, bmi1, bmi2, adx, sha, fma, vzeroupper, clflush, clflushopt, clwb, hv, serialize, rdtscp, rdpid, fsrm, gfni, f16c, cet_ibt, cet_ss
Processor Information for processor 0
  Max Mhz: 2500, Current Mhz: 2500, Mhz Limit: 2500
Processor Information for processor 1
  Max Mhz: 2500, Current Mhz: 2500, Mhz Limit: 2500
Processor Information for processor 2
  Max Mhz: 2500, Current Mhz: 2500, Mhz Limit: 2500
Processor Information for processor 3
  Max Mhz: 2500, Current Mhz: 2500, Mhz Limit: 2500
Processor Information for processor 4
  Max Mhz: 2500, Current Mhz: 2500, Mhz Limit: 2500
Processor Information for processor 5
  Max Mhz: 2500, Current Mhz: 2500, Mhz Limit: 2500
Processor Information for processor 6
  Max Mhz: 2500, Current Mhz: 2500, Mhz Limit: 2500
Processor Information for processor 7
  Max Mhz: 2500, Current Mhz: 2500, Mhz Limit: 2500
Processor Information for processor 8
  Max Mhz: 2500, Current Mhz: 2500, Mhz Limit: 2500
Processor Information for processor 9
  Max Mhz: 2500, Current Mhz: 2500, Mhz Limit: 2500
Processor Information for processor 10
  Max Mhz: 2500, Current Mhz: 2500, Mhz Limit: 2500
Processor Information for processor 11
  Max Mhz: 2500, Current Mhz: 2500, Mhz Limit: 2500
Processor Information for processor 12
  Max Mhz: 2500, Current Mhz: 2500, Mhz Limit: 2500
Processor Information for processor 13
  Max Mhz: 2500, Current Mhz: 2500, Mhz Limit: 2500
Processor Information for processor 14
  Max Mhz: 2500, Current Mhz: 2500, Mhz Limit: 2500
Processor Information for processor 15
  Max Mhz: 2500, Current Mhz: 1527, Mhz Limit: 2500

Memory: 4k page, system-wide physical 7859M (959M free)
TotalPageFile size 26500M (AvailPageFile size 245M)
current process WorkingSet (physical memory assigned to process): 211M, peak: 254M
current process commit charge ("private bytes"): 321M, peak: 332M

vm_info: OpenJDK 64-Bit Server VM (23.0.2+7-58) for windows-amd64 JRE (23.0.2+7-58), built on 2024-11-29T09:34:55Z with MS VC++ 17.6 (VS2022)

END.
